mode: set
book_mana/controllers/book_controller.go:11.31,15.2 3 0
book_mana/controllers/book_controller.go:18.33,20.48 2 0
book_mana/controllers/book_controller.go:20.48,23.3 2 0
book_mana/controllers/book_controller.go:24.2,25.29 2 0
book_mana/controllers/book_controller.go:29.33,32.59 3 0
book_mana/controllers/book_controller.go:32.59,35.3 2 0
book_mana/controllers/book_controller.go:36.2,36.48 1 0
book_mana/controllers/book_controller.go:36.48,39.3 2 0
book_mana/controllers/book_controller.go:40.2,41.29 2 0
book_mana/controllers/book_controller.go:45.33,48.59 3 0
book_mana/controllers/book_controller.go:48.59,51.3 2 0
book_mana/controllers/book_controller.go:52.2,53.57 2 0
book_mana/database/database.go:12.16,16.16 4 0
book_mana/database/database.go:16.16,18.3 1 0
book_mana/database/database.go:22.2,22.49 1 0
book_mana/routes/routes.go:8.32,18.2 6 0
book_mana/main.go:8.13,14.2 3 0
book_mana/controllers/book_controller.go:11.31,15.2 3 1
book_mana/controllers/book_controller.go:18.33,20.48 2 1
book_mana/controllers/book_controller.go:20.48,23.3 2 0
book_mana/controllers/book_controller.go:24.2,25.29 2 1
book_mana/controllers/book_controller.go:29.33,32.59 3 0
book_mana/controllers/book_controller.go:32.59,35.3 2 0
book_mana/controllers/book_controller.go:36.2,36.48 1 0
book_mana/controllers/book_controller.go:36.48,39.3 2 0
book_mana/controllers/book_controller.go:40.2,41.29 2 0
book_mana/controllers/book_controller.go:45.33,48.59 3 0
book_mana/controllers/book_controller.go:48.59,51.3 2 0
book_mana/controllers/book_controller.go:52.2,53.57 2 0
book_mana/database/database.go:12.16,16.16 4 1
book_mana/database/database.go:16.16,18.3 1 0
book_mana/database/database.go:22.2,22.49 1 1
book_mana/routes/routes.go:8.32,18.2 6 1
